1592473001246	mozrunner::runner	INFO	Running command: "/usr/bin/firefox" "-marionette" "-foreground" "-no-remote" "-profile" "/tmp/rust_mozprofileNmoa4Z"
1592473005091	Marionette	INFO	Listening on port 33447
1592473005167	Marionette	WARN	TLS certificate errors will be ignored for this session
JavaScript warning: https://js.datadome.co/tags.js, line 2: unreachable code after return statement
JavaScript warning: https://js.datadome.co/tags.js, line 2: unreachable code after return statement
JavaScript warning: https://js.datadome.co/tags.js, line 2: unreachable code after return statement
1592473040204	mozrunner::runner	INFO	Running command: "/usr/bin/firefox" "-marionette" "-foreground" "-no-remote" "-profile" "/tmp/rust_mozprofileZTd4Hx"
1592473044116	Marionette	INFO	Listening on port 38597
1592473044216	Marionette	WARN	TLS certificate errors will be ignored for this session
JavaScript warning: https://js.datadome.co/tags.js, line 2: unreachable code after return statement
JavaScript warning: https://js.datadome.co/tags.js, line 2: unreachable code after return statement
JavaScript warning: https://js.datadome.co/tags.js, line 2: unreachable code after return statement
JavaScript warning: https://js.datadome.co/tags.js, line 2: unreachable code after return statement
JavaScript warning: https://js.datadome.co/tags.js, line 2: unreachable code after return statement
JavaScript warning: https://js.datadome.co/tags.js, line 2: unreachable code after return statement
JavaScript warning: https://js.datadome.co/tags.js, line 2: unreachable code after return statement
JavaScript warning: https://js.datadome.co/tags.js, line 2: unreachable code after return statement
JavaScript warning: https://js.datadome.co/tags.js, line 2: unreachable code after return statement
1592473143687	Marionette	INFO	Stopped listening on port 33447
1592473145565	Marionette	INFO	Stopped listening on port 38597
1592473583923	mozrunner::runner	INFO	Running command: "/usr/bin/firefox" "-marionette" "-foreground" "-no-remote" "-profile" "/tmp/rust_mozprofilebd32Z7"
1592473587314	Marionette	INFO	Listening on port 45343
1592473587345	Marionette	WARN	TLS certificate errors will be ignored for this session
JavaScript warning: https://js.datadome.co/tags.js, line 2: unreachable code after return statement
JavaScript warning: https://js.datadome.co/tags.js, line 2: unreachable code after return statement
JavaScript warning: https://js.datadome.co/tags.js, line 2: unreachable code after return statement
JavaScript warning: https://js.datadome.co/tags.js, line 2: unreachable code after return statement
JavaScript warning: https://js.datadome.co/tags.js, line 2: unreachable code after return statement
JavaScript warning: https://js.datadome.co/tags.js, line 2: unreachable code after return statement
JavaScript warning: https://js.datadome.co/tags.js, line 2: unreachable code after return statement
JavaScript warning: https://js.datadome.co/tags.js, line 2: unreachable code after return statement
JavaScript warning: https://js.datadome.co/tags.js, line 2: unreachable code after return statement
1592473791785	Marionette	INFO	Stopped listening on port 45343
1592474262984	mozrunner::runner	INFO	Running command: "/usr/bin/firefox" "-marionette" "-foreground" "-no-remote" "-profile" "/tmp/rust_mozprofileHN8wuo"
1592474266139	Marionette	INFO	Listening on port 33301
1592474266201	Marionette	WARN	TLS certificate errors will be ignored for this session
JavaScript warning: https://js.datadome.co/tags.js, line 2: unreachable code after return statement
JavaScript warning: https://js.datadome.co/tags.js, line 2: unreachable code after return statement
JavaScript warning: https://js.datadome.co/tags.js, line 2: unreachable code after return statement
JavaScript warning: https://js.datadome.co/tags.js, line 2: unreachable code after return statement
JavaScript warning: https://js.datadome.co/tags.js, line 2: unreachable code after return statement
JavaScript warning: https://js.datadome.co/tags.js, line 2: unreachable code after return statement
JavaScript warning: https://js.datadome.co/tags.js, line 2: unreachable code after return statement
JavaScript warning: https://js.datadome.co/tags.js, line 2: unreachable code after return statement
JavaScript warning: https://js.datadome.co/tags.js, line 2: unreachable code after return statement
console.error: "Store does not have a valid reducer. Make sure the argument passed to combineReducers is an object whose values are reducers."
1592474455001	mozrunner::runner	INFO	Running command: "/usr/bin/firefox" "-marionette" "-foreground" "-no-remote" "-profile" "/tmp/rust_mozprofileTEtSCL"
1592474458447	Marionette	INFO	Listening on port 44201
1592474458512	Marionette	WARN	TLS certificate errors will be ignored for this session
JavaScript warning: https://js.datadome.co/tags.js, line 2: unreachable code after return statement
JavaScript warning: https://js.datadome.co/tags.js, line 2: unreachable code after return statement
JavaScript warning: https://js.datadome.co/tags.js, line 2: unreachable code after return statement
JavaScript error: resource://gre/modules/ContentAreaDropListener.jsm, line 249: TypeError: dataTransfer is null
JavaScript error: resource://gre/modules/ContentAreaDropListener.jsm, line 249: TypeError: dataTransfer is null
JavaScript warning: https://js.datadome.co/tags.js, line 2: unreachable code after return statement
JavaScript warning: https://js.datadome.co/tags.js, line 2: unreachable code after return statement
JavaScript warning: https://js.datadome.co/tags.js, line 2: unreachable code after return statement
JavaScript warning: https://js.datadome.co/tags.js, line 2: unreachable code after return statement
JavaScript warning: https://js.datadome.co/tags.js, line 2: unreachable code after return statement
JavaScript warning: https://js.datadome.co/tags.js, line 2: unreachable code after return statement
1592474620697	Marionette	INFO	Stopped listening on port 44201

###!!! [Child][RunMessage] Error: Channel closing: too late to send/recv, messages will be lost


###!!! [Child][RunMessage] Error: Channel closing: too late to send/recv, messages will be lost


###!!! [Child][RunMessage] Error: Channel closing: too late to send/recv, messages will be lost

1592474622183	Marionette	INFO	Stopped listening on port 33301
1592474982598	mozrunner::runner	INFO	Running command: "/usr/bin/firefox" "-marionette" "-foreground" "-no-remote" "-profile" "/tmp/rust_mozprofileub05WA"
1592474985882	Marionette	INFO	Listening on port 46079
1592474985916	Marionette	WARN	TLS certificate errors will be ignored for this session
JavaScript warning: https://js.datadome.co/tags.js, line 2: unreachable code after return statement
JavaScript warning: https://js.datadome.co/tags.js, line 2: unreachable code after return statement
JavaScript warning: https://js.datadome.co/tags.js, line 2: unreachable code after return statement
JavaScript warning: https://js.datadome.co/tags.js, line 2: unreachable code after return statement
JavaScript warning: https://js.datadome.co/tags.js, line 2: unreachable code after return statement
JavaScript warning: https://js.datadome.co/tags.js, line 2: unreachable code after return statement
JavaScript warning: https://js.datadome.co/tags.js, line 2: unreachable code after return statement
JavaScript warning: https://js.datadome.co/tags.js, line 2: unreachable code after return statement
JavaScript warning: https://js.datadome.co/tags.js, line 2: unreachable code after return statement
1592475074419	mozrunner::runner	INFO	Running command: "/usr/bin/firefox" "-marionette" "-foreground" "-no-remote" "-profile" "/tmp/rust_mozprofilew8Nlje"
1592475077814	Marionette	INFO	Listening on port 43411
1592475077841	Marionette	WARN	TLS certificate errors will be ignored for this session
JavaScript warning: https://js.datadome.co/tags.js, line 2: unreachable code after return statement
JavaScript warning: https://js.datadome.co/tags.js, line 2: unreachable code after return statement
JavaScript warning: https://js.datadome.co/tags.js, line 2: unreachable code after return statement
JavaScript warning: https://js.datadome.co/tags.js, line 2: unreachable code after return statement
JavaScript warning: https://js.datadome.co/tags.js, line 2: unreachable code after return statement
JavaScript warning: https://js.datadome.co/tags.js, line 2: unreachable code after return statement
JavaScript warning: https://js.datadome.co/tags.js, line 2: unreachable code after return statement
JavaScript warning: https://js.datadome.co/tags.js, line 2: unreachable code after return statement
JavaScript warning: https://js.datadome.co/tags.js, line 2: unreachable code after return statement
1592475502659	Marionette	INFO	Stopped listening on port 43411
1592475508263	Marionette	INFO	Stopped listening on port 46079
1592475798675	mozrunner::runner	INFO	Running command: "/usr/bin/firefox" "-marionette" "-foreground" "-no-remote" "-profile" "/tmp/rust_mozprofileI4QiKN"
1592475802145	Marionette	INFO	Listening on port 36397
1592475802191	Marionette	WARN	TLS certificate errors will be ignored for this session
JavaScript warning: https://js.datadome.co/tags.js, line 2: unreachable code after return statement
JavaScript warning: https://js.datadome.co/tags.js, line 2: unreachable code after return statement
JavaScript warning: https://js.datadome.co/tags.js, line 2: unreachable code after return statement
JavaScript warning: https://js.datadome.co/tags.js, line 2: unreachable code after return statement
JavaScript warning: https://js.datadome.co/tags.js, line 2: unreachable code after return statement
JavaScript warning: https://js.datadome.co/tags.js, line 2: unreachable code after return statement
JavaScript warning: https://js.datadome.co/tags.js, line 2: unreachable code after return statement
JavaScript warning: https://js.datadome.co/tags.js, line 2: unreachable code after return statement
JavaScript warning: https://js.datadome.co/tags.js, line 2: unreachable code after return statement
1592476134683	mozrunner::runner	INFO	Running command: "/usr/bin/firefox" "-marionette" "-foreground" "-no-remote" "-profile" "/tmp/rust_mozprofileBJAWXu"
1592476138400	Marionette	INFO	Listening on port 39651
1592476138425	Marionette	WARN	TLS certificate errors will be ignored for this session
JavaScript warning: https://js.datadome.co/tags.js, line 2: unreachable code after return statement
JavaScript warning: https://js.datadome.co/tags.js, line 2: unreachable code after return statement
JavaScript warning: https://js.datadome.co/tags.js, line 2: unreachable code after return statement
JavaScript warning: https://js.datadome.co/tags.js, line 2: unreachable code after return statement
JavaScript warning: https://js.datadome.co/tags.js, line 2: unreachable code after return statement
JavaScript warning: https://js.datadome.co/tags.js, line 2: unreachable code after return statement
JavaScript warning: https://js.datadome.co/tags.js, line 2: unreachable code after return statement
JavaScript warning: https://js.datadome.co/tags.js, line 2: unreachable code after return statement
JavaScript warning: https://js.datadome.co/tags.js, line 2: unreachable code after return statement
1592476261848	mozrunner::runner	INFO	Running command: "/usr/bin/firefox" "-marionette" "-foreground" "-no-remote" "-profile" "/tmp/rust_mozprofile4Lf2UV"
1592476266504	Marionette	INFO	Listening on port 36193
1592476266574	Marionette	WARN	TLS certificate errors will be ignored for this session
JavaScript warning: https://js.datadome.co/tags.js, line 2: unreachable code after return statement
JavaScript warning: https://js.datadome.co/tags.js, line 2: unreachable code after return statement
JavaScript warning: https://js.datadome.co/tags.js, line 2: unreachable code after return statement
1592476301345	Marionette	INFO	Stopped listening on port 36193

###!!! [Parent][RunMessage] Error: Channel closing: too late to send/recv, messages will be lost

1592476366535	mozrunner::runner	INFO	Running command: "/usr/bin/firefox" "-marionette" "-foreground" "-no-remote" "-profile" "/tmp/rust_mozprofile2aX9Pg"
1592476370379	Marionette	INFO	Listening on port 33263
1592476370456	Marionette	WARN	TLS certificate errors will be ignored for this session
JavaScript warning: https://js.datadome.co/tags.js, line 2: unreachable code after return statement
JavaScript warning: https://js.datadome.co/tags.js, line 2: unreachable code after return statement
JavaScript warning: https://js.datadome.co/tags.js, line 2: unreachable code after return statement
1592476402463	Marionette	INFO	Stopped listening on port 33263
1592478144901	Marionette	INFO	Stopped listening on port 36397
1592478148548	Marionette	INFO	Stopped listening on port 39651
1592479047183	mozrunner::runner	INFO	Running command: "/usr/bin/firefox" "-marionette" "-foreground" "-no-remote" "-profile" "/tmp/rust_mozprofileOAEL2N"
1592479050481	Marionette	INFO	Listening on port 44841
1592479050506	Marionette	WARN	TLS certificate errors will be ignored for this session
JavaScript warning: https://js.datadome.co/tags.js, line 2: unreachable code after return statement
JavaScript warning: https://js.datadome.co/tags.js, line 2: unreachable code after return statement
JavaScript warning: https://js.datadome.co/tags.js, line 2: unreachable code after return statement
JavaScript warning: https://js.datadome.co/tags.js, line 2: unreachable code after return statement
JavaScript warning: https://js.datadome.co/tags.js, line 2: unreachable code after return statement
JavaScript warning: https://js.datadome.co/tags.js, line 2: unreachable code after return statement
1592479079465	Marionette	INFO	Stopped listening on port 44841
JavaScript error: https://try.abtasty.com/09643a1c5bc909059579da8aac99e8f1.js, line 2: TypeError: s.getParsedUserAgent() is null

###!!! [Child][MessageChannel] Error: (msgtype=0x5A000D,name=PHttpChannel::Msg_DeletingChannel) Channel closing: too late to send/recv, messages will be lost


###!!! [Child][RunMessage] Error: Channel closing: too late to send/recv, messages will be lost


###!!! [Child][RunMessage] Error: Channel closing: too late to send/recv, messages will be lost


###!!! [Child][RunMessage] Error: Channel closing: too late to send/recv, messages will be lost


###!!! [Child][RunMessage] Error: Channel closing: too late to send/recv, messages will be lost


###!!! [Child][MessageChannel] Error: (msgtype=0x5A000D,name=PHttpChannel::Msg_DeletingChannel) Channel closing: too late to send/recv, messages will be lost


###!!! [Child][MessageChannel] Error: (msgtype=0x380131,name=PContent::Msg_ScriptError) Channel closing: too late to send/recv, messages will be lost

1592482247254	mozrunner::runner	INFO	Running command: "/usr/bin/firefox" "-marionette" "-foreground" "-no-remote" "-profile" "/tmp/rust_mozprofileE8zlzn"
1592482250396	Marionette	INFO	Listening on port 45815
1592482250469	Marionette	WARN	TLS certificate errors will be ignored for this session
JavaScript warning: https://js.datadome.co/tags.js, line 2: unreachable code after return statement
JavaScript warning: https://js.datadome.co/tags.js, line 2: unreachable code after return statement
JavaScript warning: https://js.datadome.co/tags.js, line 2: unreachable code after return statement
JavaScript warning: https://js.datadome.co/tags.js, line 2: unreachable code after return statement
JavaScript warning: https://js.datadome.co/tags.js, line 2: unreachable code after return statement
JavaScript warning: https://js.datadome.co/tags.js, line 2: unreachable code after return statement
JavaScript warning: https://js.datadome.co/tags.js, line 2: unreachable code after return statement
JavaScript warning: https://js.datadome.co/tags.js, line 2: unreachable code after return statement
JavaScript warning: https://js.datadome.co/tags.js, line 2: unreachable code after return statement
1592483812529	mozrunner::runner	INFO	Running command: "/usr/bin/firefox" "-marionette" "-foreground" "-no-remote" "-profile" "/tmp/rust_mozprofilewFXLEb"
1592483815861	Marionette	INFO	Listening on port 32967
1592483815942	Marionette	WARN	TLS certificate errors will be ignored for this session
JavaScript warning: https://js.datadome.co/tags.js, line 2: unreachable code after return statement
JavaScript warning: https://js.datadome.co/tags.js, line 2: unreachable code after return statement
JavaScript warning: https://js.datadome.co/tags.js, line 2: unreachable code after return statement
1592483850415	Marionette	INFO	Stopped listening on port 32967
1592483870221	Marionette	INFO	Stopped listening on port 45815
1592485047383	mozrunner::runner	INFO	Running command: "/usr/bin/firefox" "-marionette" "-foreground" "-no-remote" "-profile" "/tmp/rust_mozprofile3SbMkM"
1592485050464	Marionette	INFO	Listening on port 39157
1592485050497	Marionette	WARN	TLS certificate errors will be ignored for this session
JavaScript warning: https://js.datadome.co/tags.js, line 2: unreachable code after return statement
JavaScript warning: https://js.datadome.co/tags.js, line 2: unreachable code after return statement
JavaScript warning: https://js.datadome.co/tags.js, line 2: unreachable code after return statement
1592485171620	Marionette	INFO	Stopped listening on port 39157
1592485305249	mozrunner::runner	INFO	Running command: "/usr/bin/firefox" "-marionette" "-foreground" "-no-remote" "-profile" "/tmp/rust_mozprofileDloQ8N"
1592485308566	Marionette	INFO	Listening on port 34087
1592485308669	Marionette	WARN	TLS certificate errors will be ignored for this session
JavaScript warning: https://js.datadome.co/tags.js, line 2: unreachable code after return statement
JavaScript warning: https://js.datadome.co/tags.js, line 2: unreachable code after return statement
JavaScript warning: https://js.datadome.co/tags.js, line 2: unreachable code after return statement
JavaScript warning: https://js.datadome.co/tags.js, line 2: unreachable code after return statement
JavaScript warning: https://js.datadome.co/tags.js, line 2: unreachable code after return statement
JavaScript warning: https://js.datadome.co/tags.js, line 2: unreachable code after return statement
JavaScript warning: https://js.datadome.co/tags.js, line 2: unreachable code after return statement
JavaScript warning: https://js.datadome.co/tags.js, line 2: unreachable code after return statement
JavaScript warning: https://js.datadome.co/tags.js, line 2: unreachable code after return statement
1592485687326	mozrunner::runner	INFO	Running command: "/usr/bin/firefox" "-marionette" "-foreground" "-no-remote" "-profile" "/tmp/rust_mozprofileVSi95H"
1592485690654	Marionette	INFO	Listening on port 43741
1592485690737	Marionette	WARN	TLS certificate errors will be ignored for this session
JavaScript warning: https://js.datadome.co/tags.js, line 2: unreachable code after return statement
JavaScript warning: https://js.datadome.co/tags.js, line 2: unreachable code after return statement
JavaScript warning: https://js.datadome.co/tags.js, line 2: unreachable code after return statement
JavaScript warning: https://js.datadome.co/tags.js, line 2: unreachable code after return statement
JavaScript warning: https://js.datadome.co/tags.js, line 2: unreachable code after return statement
JavaScript warning: https://js.datadome.co/tags.js, line 2: unreachable code after return statement
JavaScript warning: https://js.datadome.co/tags.js, line 2: unreachable code after return statement
JavaScript warning: https://js.datadome.co/tags.js, line 2: unreachable code after return statement
JavaScript warning: https://js.datadome.co/tags.js, line 2: unreachable code after return statement
1592485796995	Marionette	INFO	Stopped listening on port 34087
1592485806357	Marionette	INFO	Stopped listening on port 43741
1592486174687	mozrunner::runner	INFO	Running command: "/usr/bin/firefox" "-marionette" "-foreground" "-no-remote" "-profile" "/tmp/rust_mozprofileQUcdTD"
1592486177930	Marionette	INFO	Listening on port 33687
1592486178006	Marionette	WARN	TLS certificate errors will be ignored for this session
JavaScript warning: https://js.datadome.co/tags.js, line 2: unreachable code after return statement
JavaScript warning: https://js.datadome.co/tags.js, line 2: unreachable code after return statement
JavaScript warning: https://js.datadome.co/tags.js, line 2: unreachable code after return statement
1592486412838	Marionette	INFO	Stopped listening on port 33687
1592487045272	mozrunner::runner	INFO	Running command: "/usr/bin/firefox" "-marionette" "-foreground" "-no-remote" "-profile" "/tmp/rust_mozprofile7Fxtp1"
1592487048692	Marionette	INFO	Listening on port 34293
1592487048784	Marionette	WARN	TLS certificate errors will be ignored for this session
JavaScript warning: https://js.datadome.co/tags.js, line 2: unreachable code after return statement
JavaScript warning: https://js.datadome.co/tags.js, line 2: unreachable code after return statement
JavaScript warning: https://js.datadome.co/tags.js, line 2: unreachable code after return statement
1592487126008	Marionette	INFO	Stopped listening on port 34293
1592487130576	mozrunner::runner	INFO	Running command: "/usr/bin/firefox" "-marionette" "-foreground" "-no-remote" "-profile" "/tmp/rust_mozprofileYswumX"
1592487133759	Marionette	INFO	Listening on port 34369
1592487133792	Marionette	WARN	TLS certificate errors will be ignored for this session
JavaScript warning: https://js.datadome.co/tags.js, line 2: unreachable code after return statement
JavaScript warning: https://js.datadome.co/tags.js, line 2: unreachable code after return statement
JavaScript warning: https://js.datadome.co/tags.js, line 2: unreachable code after return statement
1592487742159	Marionette	INFO	Stopped listening on port 34369
1592488933717	mozrunner::runner	INFO	Running command: "/usr/bin/firefox" "-marionette" "-foreground" "-no-remote" "-profile" "/tmp/rust_mozprofiledgb3l7"
1592488937061	Marionette	INFO	Listening on port 33413
1592488937149	Marionette	WARN	TLS certificate errors will be ignored for this session
JavaScript warning: https://js.datadome.co/tags.js, line 2: unreachable code after return statement
JavaScript warning: https://js.datadome.co/tags.js, line 2: unreachable code after return statement
JavaScript warning: https://js.datadome.co/tags.js, line 2: unreachable code after return statement
JavaScript warning: https://js.datadome.co/tags.js, line 2: unreachable code after return statement
JavaScript warning: https://js.datadome.co/tags.js, line 2: unreachable code after return statement
JavaScript warning: https://js.datadome.co/tags.js, line 2: unreachable code after return statement
1592488989482	Marionette	INFO	Stopped listening on port 33413
1592489032401	mozrunner::runner	INFO	Running command: "/usr/bin/firefox" "-marionette" "-foreground" "-no-remote" "-profile" "/tmp/rust_mozprofileS5nTXj"
1592489035646	Marionette	INFO	Listening on port 40909
1592489035715	Marionette	WARN	TLS certificate errors will be ignored for this session
JavaScript warning: https://js.datadome.co/tags.js, line 2: unreachable code after return statement
JavaScript warning: https://js.datadome.co/tags.js, line 2: unreachable code after return statement
JavaScript warning: https://js.datadome.co/tags.js, line 2: unreachable code after return statement
JavaScript warning: https://js.datadome.co/tags.js, line 2: unreachable code after return statement
JavaScript warning: https://js.datadome.co/tags.js, line 2: unreachable code after return statement
JavaScript warning: https://js.datadome.co/tags.js, line 2: unreachable code after return statement
JavaScript warning: https://js.datadome.co/tags.js, line 2: unreachable code after return statement
JavaScript warning: https://js.datadome.co/tags.js, line 2: unreachable code after return statement
JavaScript warning: https://js.datadome.co/tags.js, line 2: unreachable code after return statement
1592489235762	Marionette	INFO	Stopped listening on port 40909
1592489602901	mozrunner::runner	INFO	Running command: "/usr/bin/firefox" "-marionette" "-foreground" "-no-remote" "-profile" "/tmp/rust_mozprofileCIXstI"
1592489606288	Marionette	INFO	Listening on port 34891
1592489606321	Marionette	WARN	TLS certificate errors will be ignored for this session
JavaScript warning: https://js.datadome.co/tags.js, line 2: unreachable code after return statement
JavaScript warning: https://js.datadome.co/tags.js, line 2: unreachable code after return statement
JavaScript warning: https://js.datadome.co/tags.js, line 2: unreachable code after return statement
JavaScript warning: https://js.datadome.co/tags.js, line 2: unreachable code after return statement
JavaScript warning: https://js.datadome.co/tags.js, line 2: unreachable code after return statement
JavaScript warning: https://js.datadome.co/tags.js, line 2: unreachable code after return statement
1592489719872	Marionette	INFO	Stopped listening on port 34891
1592500554962	mozrunner::runner	INFO	Running command: "/usr/bin/firefox" "-marionette" "-foreground" "-no-remote" "-profile" "/tmp/rust_mozprofileZ9o8Xa"
1592500558987	Marionette	INFO	Listening on port 37177
1592500559088	Marionette	WARN	TLS certificate errors will be ignored for this session
JavaScript warning: https://js.datadome.co/tags.js, line 2: unreachable code after return statement
JavaScript warning: https://js.datadome.co/tags.js, line 2: unreachable code after return statement
JavaScript warning: https://js.datadome.co/tags.js, line 2: unreachable code after return statement
JavaScript error: https://rav-next-static.leboncoin.fr/_next/static/chunks/f58624e1318ec7b3d35c04d19fc5d4ebe1d71109.82b9e31454d9d71c51f1.js, line 1: Error: 403 Forbidden.
JavaScript warning: https://js.datadome.co/tags.js, line 2: unreachable code after return statement
JavaScript warning: https://js.datadome.co/tags.js, line 2: unreachable code after return statement
JavaScript warning: https://js.datadome.co/tags.js, line 2: unreachable code after return statement
JavaScript warning: https://js.datadome.co/tags.js, line 2: unreachable code after return statement
JavaScript warning: https://js.datadome.co/tags.js, line 2: unreachable code after return statement
JavaScript warning: https://js.datadome.co/tags.js, line 2: unreachable code after return statement
JavaScript warning: https://js.datadome.co/tags.js, line 2: unreachable code after return statement
JavaScript warning: https://js.datadome.co/tags.js, line 2: unreachable code after return statement
JavaScript warning: https://js.datadome.co/tags.js, line 2: unreachable code after return statement
1592500645747	Marionette	INFO	Stopped listening on port 37177
1592500897329	mozrunner::runner	INFO	Running command: "/usr/bin/firefox" "-marionette" "-foreground" "-no-remote" "-profile" "/tmp/rust_mozprofilexomm36"
1592500901031	Marionette	INFO	Listening on port 40705
1592500901070	Marionette	WARN	TLS certificate errors will be ignored for this session
JavaScript warning: https://js.datadome.co/tags.js, line 2: unreachable code after return statement
JavaScript warning: https://js.datadome.co/tags.js, line 2: unreachable code after return statement
JavaScript warning: https://js.datadome.co/tags.js, line 2: unreachable code after return statement
JavaScript warning: https://js.datadome.co/tags.js, line 2: unreachable code after return statement
JavaScript warning: https://js.datadome.co/tags.js, line 2: unreachable code after return statement
JavaScript warning: https://js.datadome.co/tags.js, line 2: unreachable code after return statement
JavaScript warning: https://js.datadome.co/tags.js, line 2: unreachable code after return statement
JavaScript warning: https://js.datadome.co/tags.js, line 2: unreachable code after return statement
JavaScript warning: https://js.datadome.co/tags.js, line 2: unreachable code after return statement
1592501053900	Marionette	INFO	Stopped listening on port 40705
1592501174001	mozrunner::runner	INFO	Running command: "/usr/bin/firefox" "-marionette" "-foreground" "-no-remote" "-profile" "/tmp/rust_mozprofilegMWGZg"
1592501177732	Marionette	INFO	Listening on port 38567
1592501177825	Marionette	WARN	TLS certificate errors will be ignored for this session
JavaScript warning: https://js.datadome.co/tags.js, line 2: unreachable code after return statement
JavaScript warning: https://js.datadome.co/tags.js, line 2: unreachable code after return statement
JavaScript warning: https://js.datadome.co/tags.js, line 2: unreachable code after return statement
JavaScript warning: https://js.datadome.co/tags.js, line 2: unreachable code after return statement
JavaScript warning: https://js.datadome.co/tags.js, line 2: unreachable code after return statement
JavaScript warning: https://js.datadome.co/tags.js, line 2: unreachable code after return statement
1592501269271	Marionette	WARN	TimedPromise timed out after 500 ms: stacktrace:
TimedPromise/<@chrome://marionette/content/sync.js:245:13
TimedPromise@chrome://marionette/content/sync.js:230:10
interaction.flushEventLoop@chrome://marionette/content/interaction.js:416:10
webdriverClickElement@chrome://marionette/content/interaction.js:182:31
1592501270485	Marionette	INFO	Stopped listening on port 38567
JavaScript error: https://try.abtasty.com/09643a1c5bc909059579da8aac99e8f1.js, line 2: TypeError: s.getParsedUserAgent() is null
1592501380656	mozrunner::runner	INFO	Running command: "/usr/bin/firefox" "-marionette" "-foreground" "-no-remote" "-profile" "/tmp/rust_mozprofileLzTON3"
1592501384590	Marionette	INFO	Listening on port 39361
1592501384674	Marionette	WARN	TLS certificate errors will be ignored for this session
JavaScript warning: https://js.datadome.co/tags.js, line 2: unreachable code after return statement
JavaScript warning: https://js.datadome.co/tags.js, line 2: unreachable code after return statement
JavaScript warning: https://js.datadome.co/tags.js, line 2: unreachable code after return statement
JavaScript warning: https://js.datadome.co/tags.js, line 2: unreachable code after return statement
JavaScript warning: https://js.datadome.co/tags.js, line 2: unreachable code after return statement
JavaScript warning: https://js.datadome.co/tags.js, line 2: unreachable code after return statement
1592501476112	Marionette	WARN	TimedPromise timed out after 500 ms: stacktrace:
TimedPromise/<@chrome://marionette/content/sync.js:245:13
TimedPromise@chrome://marionette/content/sync.js:230:10
interaction.flushEventLoop@chrome://marionette/content/interaction.js:416:10
webdriverClickElement@chrome://marionette/content/interaction.js:182:31
1592501477260	Marionette	INFO	Stopped listening on port 39361
JavaScript error: https://try.abtasty.com/09643a1c5bc909059579da8aac99e8f1.js, line 2: TypeError: s.getParsedUserAgent() is null

###!!! [Child][RunMessage] Error: Channel closing: too late to send/recv, messages will be lost


###!!! [Child][RunMessage] Error: Channel closing: too late to send/recv, messages will be lost

1592501630913	mozrunner::runner	INFO	Running command: "/usr/bin/firefox" "-marionette" "-foreground" "-no-remote" "-profile" "/tmp/rust_mozprofilef4MEn6"
1592501634779	Marionette	INFO	Listening on port 33425
1592501634834	Marionette	WARN	TLS certificate errors will be ignored for this session
JavaScript warning: https://js.datadome.co/tags.js, line 2: unreachable code after return statement
JavaScript warning: https://js.datadome.co/tags.js, line 2: unreachable code after return statement
JavaScript warning: https://js.datadome.co/tags.js, line 2: unreachable code after return statement
JavaScript warning: https://js.datadome.co/tags.js, line 2: unreachable code after return statement
JavaScript warning: https://js.datadome.co/tags.js, line 2: unreachable code after return statement
JavaScript warning: https://js.datadome.co/tags.js, line 2: unreachable code after return statement
1592501703219	Marionette	WARN	TimedPromise timed out after 500 ms: stacktrace:
TimedPromise/<@chrome://marionette/content/sync.js:245:13
TimedPromise@chrome://marionette/content/sync.js:230:10
interaction.flushEventLoop@chrome://marionette/content/interaction.js:416:10
webdriverClickElement@chrome://marionette/content/interaction.js:182:31
1592501704443	Marionette	INFO	Stopped listening on port 33425
JavaScript error: https://try.abtasty.com/09643a1c5bc909059579da8aac99e8f1.js, line 2: TypeError: s.getParsedUserAgent() is null

###!!! [Child][MessageChannel] Error: (msgtype=0x5A0011,name=PHttpChannel::Msg___delete__) Channel closing: too late to send/recv, messages will be lost


###!!! [Child][RunMessage] Error: Channel closing: too late to send/recv, messages will be lost


###!!! [Child][RunMessage] Error: Channel closing: too late to send/recv, messages will be lost


###!!! [Child][RunMessage] Error: Channel closing: too late to send/recv, messages will be lost


###!!! [Child][RunMessage] Error: Channel closing: too late to send/recv, messages will be lost


###!!! [Child][RunMessage] Error: Channel closing: too late to send/recv, messages will be lost


###!!! [Child][RunMessage] Error: Channel closing: too late to send/recv, messages will be lost


###!!! [Child][RunMessage] Error: Channel closing: too late to send/recv, messages will be lost


###!!! [Child][RunMessage] Error: Channel closing: too late to send/recv, messages will be lost


###!!! [Child][RunMessage] Error: Channel closing: too late to send/recv, messages will be lost


###!!! [Child][RunMessage] Error: Channel closing: too late to send/recv, messages will be lost


###!!! [Child][RunMessage] Error: Channel closing: too late to send/recv, messages will be lost


###!!! [Child][RunMessage] Error: Channel closing: too late to send/recv, messages will be lost


###!!! [Child][RunMessage] Error: Channel closing: too late to send/recv, messages will be lost


###!!! [Child][RunMessage] Error: Channel closing: too late to send/recv, messages will be lost


###!!! [Child][RunMessage] Error: Channel closing: too late to send/recv, messages will be lost


###!!! [Child][RunMessage] Error: Channel closing: too late to send/recv, messages will be lost

1592501793439	mozrunner::runner	INFO	Running command: "/usr/bin/firefox" "-marionette" "-foreground" "-no-remote" "-profile" "/tmp/rust_mozprofileRwlxls"
1592501796982	Marionette	INFO	Listening on port 43647
1592501797067	Marionette	WARN	TLS certificate errors will be ignored for this session
JavaScript warning: https://js.datadome.co/tags.js, line 2: unreachable code after return statement
JavaScript warning: https://js.datadome.co/tags.js, line 2: unreachable code after return statement
JavaScript warning: https://js.datadome.co/tags.js, line 2: unreachable code after return statement
JavaScript warning: https://js.datadome.co/tags.js, line 2: unreachable code after return statement
JavaScript warning: https://js.datadome.co/tags.js, line 2: unreachable code after return statement
JavaScript warning: https://js.datadome.co/tags.js, line 2: unreachable code after return statement
JavaScript warning: https://js.datadome.co/tags.js, line 2: unreachable code after return statement
JavaScript warning: https://js.datadome.co/tags.js, line 2: unreachable code after return statement
JavaScript warning: https://js.datadome.co/tags.js, line 2: unreachable code after return statement
1592501909707	Marionette	INFO	Stopped listening on port 43647
1592502676301	mozrunner::runner	INFO	Running command: "/usr/bin/firefox" "-marionette" "-foreground" "-no-remote" "-profile" "/tmp/rust_mozprofileOgwFgY"
1592502679987	Marionette	INFO	Listening on port 35377
1592502680031	Marionette	WARN	TLS certificate errors will be ignored for this session
JavaScript warning: https://js.datadome.co/tags.js, line 2: unreachable code after return statement
JavaScript warning: https://js.datadome.co/tags.js, line 2: unreachable code after return statement
JavaScript warning: https://js.datadome.co/tags.js, line 2: unreachable code after return statement
JavaScript warning: https://js.datadome.co/tags.js, line 2: unreachable code after return statement
JavaScript warning: https://js.datadome.co/tags.js, line 2: unreachable code after return statement
JavaScript warning: https://js.datadome.co/tags.js, line 2: unreachable code after return statement
JavaScript warning: https://js.datadome.co/tags.js, line 2: unreachable code after return statement
JavaScript warning: https://js.datadome.co/tags.js, line 2: unreachable code after return statement
JavaScript warning: https://js.datadome.co/tags.js, line 2: unreachable code after return statement
JavaScript warning: https://js.datadome.co/tags.js, line 2: unreachable code after return statement
JavaScript warning: https://js.datadome.co/tags.js, line 2: unreachable code after return statement
JavaScript warning: https://js.datadome.co/tags.js, line 2: unreachable code after return statement
1592502833179	Marionette	INFO	Stopped listening on port 35377
1592503334642	mozrunner::runner	INFO	Running command: "/usr/bin/firefox" "-marionette" "-foreground" "-no-remote" "-profile" "/tmp/rust_mozprofileZTgjxF"
1592503337937	Marionette	INFO	Listening on port 38183
1592503337970	Marionette	WARN	TLS certificate errors will be ignored for this session
JavaScript warning: https://js.datadome.co/tags.js, line 2: unreachable code after return statement
JavaScript warning: https://js.datadome.co/tags.js, line 2: unreachable code after return statement
JavaScript warning: https://js.datadome.co/tags.js, line 2: unreachable code after return statement
JavaScript warning: https://js.datadome.co/tags.js, line 2: unreachable code after return statement
JavaScript warning: https://js.datadome.co/tags.js, line 2: unreachable code after return statement
JavaScript warning: https://js.datadome.co/tags.js, line 2: unreachable code after return statement
JavaScript warning: https://js.datadome.co/tags.js, line 2: unreachable code after return statement
JavaScript warning: https://js.datadome.co/tags.js, line 2: unreachable code after return statement
JavaScript warning: https://js.datadome.co/tags.js, line 2: unreachable code after return statement
1592503502231	Marionette	INFO	Stopped listening on port 38183
1592503505413	mozrunner::runner	INFO	Running command: "/usr/bin/firefox" "-marionette" "-foreground" "-no-remote" "-profile" "/tmp/rust_mozprofilempFW56"
1592503508561	Marionette	INFO	Listening on port 37073
1592503508633	Marionette	WARN	TLS certificate errors will be ignored for this session
JavaScript warning: https://js.datadome.co/tags.js, line 2: unreachable code after return statement
JavaScript warning: https://js.datadome.co/tags.js, line 2: unreachable code after return statement
JavaScript warning: https://js.datadome.co/tags.js, line 2: unreachable code after return statement
JavaScript warning: https://js.datadome.co/tags.js, line 2: unreachable code after return statement
JavaScript warning: https://js.datadome.co/tags.js, line 2: unreachable code after return statement
JavaScript warning: https://js.datadome.co/tags.js, line 2: unreachable code after return statement
JavaScript warning: https://js.datadome.co/tags.js, line 2: unreachable code after return statement
JavaScript warning: https://js.datadome.co/tags.js, line 2: unreachable code after return statement
JavaScript warning: https://js.datadome.co/tags.js, line 2: unreachable code after return statement
JavaScript warning: https://js.datadome.co/tags.js, line 2: unreachable code after return statement
JavaScript warning: https://js.datadome.co/tags.js, line 2: unreachable code after return statement
JavaScript warning: https://js.datadome.co/tags.js, line 2: unreachable code after return statement
1592503631339	Marionette	INFO	Stopped listening on port 37073
1592504755386	mozrunner::runner	INFO	Running command: "/usr/bin/firefox" "-marionette" "-foreground" "-no-remote" "-profile" "/tmp/rust_mozprofilecvD964"
1592504758747	Marionette	INFO	Listening on port 38499
1592504758799	Marionette	WARN	TLS certificate errors will be ignored for this session
JavaScript warning: https://js.datadome.co/tags.js, line 2: unreachable code after return statement
JavaScript warning: https://js.datadome.co/tags.js, line 2: unreachable code after return statement
JavaScript warning: https://js.datadome.co/tags.js, line 2: unreachable code after return statement
1592504960770	Marionette	INFO	Stopped listening on port 38499
1592505073505	mozrunner::runner	INFO	Running command: "/usr/bin/firefox" "-marionette" "-foreground" "-no-remote" "-profile" "/tmp/rust_mozprofileOo88Wi"
1592505076796	Marionette	INFO	Listening on port 44437
1592505076829	Marionette	WARN	TLS certificate errors will be ignored for this session
JavaScript warning: https://js.datadome.co/tags.js, line 2: unreachable code after return statement
JavaScript warning: https://js.datadome.co/tags.js, line 2: unreachable code after return statement
JavaScript warning: https://js.datadome.co/tags.js, line 2: unreachable code after return statement
1592505257073	Marionette	INFO	Stopped listening on port 44437
1592505294379	mozrunner::runner	INFO	Running command: "/usr/bin/firefox" "-marionette" "-foreground" "-no-remote" "-profile" "/tmp/rust_mozprofile0dYouJ"
1592505297801	Marionette	INFO	Listening on port 38303
1592505297899	Marionette	WARN	TLS certificate errors will be ignored for this session
JavaScript warning: https://js.datadome.co/tags.js, line 2: unreachable code after return statement
JavaScript warning: https://js.datadome.co/tags.js, line 2: unreachable code after return statement
JavaScript warning: https://js.datadome.co/tags.js, line 2: unreachable code after return statement
1592505469741	Marionette	INFO	Stopped listening on port 38303
1592545591209	mozrunner::runner	INFO	Running command: "/usr/bin/firefox" "-marionette" "-foreground" "-no-remote" "-profile" "/tmp/rust_mozprofileKoiUg9"
1592545594773	Marionette	INFO	Listening on port 34175
1592545594823	Marionette	WARN	TLS certificate errors will be ignored for this session

###!!! [Child][RunMessage] Error: Channel closing: too late to send/recv, messages will be lost

1592545602041	Marionette	INFO	Stopped listening on port 34175
